<?xml version="1.0" encoding="UTF-8"?>
<!-- Generated by org.testng.reporters.JUnitReportReporter -->
<testsuite skipped="0" hostname="LAPTOP-L3V1GTL6" name="excel1.Prac" tests="2" failures="0" timestamp="2021-04-05T11:27:52 IST" time="0.011" errors="0">
  <testcase name="browser1" time="0.009" classname="excel1.Prac"/>
  <system-out/>
  <testcase name="browser1" time="0.002" classname="excel1.Prac"/>
  <system-out/>
</testsuite> <!-- excel1.Prac -->
