<?xml version="1.0" encoding="UTF-8"?>
<!-- Generated by org.testng.reporters.JUnitReportReporter -->
<testsuite skipped="0" hostname="LAPTOP-L3V1GTL6" name="testng.Groups1" tests="6" failures="0" timestamp="2021-03-20T00:34:05 IST" time="0.006" errors="0">
  <testcase name="test1" time="0.001" classname="testng.Groups1"/>
  <system-out/>
  <testcase name="test2" time="0.001" classname="testng.Groups1"/>
  <system-out/>
  <testcase name="test1" time="0.001" classname="testng.Groups1"/>
  <system-out/>
  <testcase name="test3" time="0.001" classname="testng.Groups1"/>
  <system-out/>
  <testcase name="test3" time="0.001" classname="testng.Groups1"/>
  <system-out/>
  <testcase name="test2" time="0.001" classname="testng.Groups1"/>
  <system-out/>
</testsuite> <!-- testng.Groups1 -->
