<?xml version="1.0" encoding="UTF-8"?>
<!-- Generated by org.testng.reporters.JUnitReportReporter -->
<testsuite skipped="0" hostname="LAPTOP-L3V1GTL6" name="excel1.Senddata" tests="2" failures="0" timestamp="2021-03-22T17:03:48 IST" time="126.717" errors="0">
  <testcase name="tc1" time="90.419" classname="excel1.Senddata"/>
  <system-out/>
  <testcase name="tc1" time="36.298" classname="excel1.Senddata"/>
  <system-out/>
</testsuite> <!-- excel1.Senddata -->
