<?xml version="1.0" encoding="UTF-8"?>
<!-- Generated by org.testng.reporters.JUnitReportReporter -->
<testsuite skipped="0" hostname="LAPTOP-L3V1GTL6" name="testng.Parameter1" tests="1" failures="0" timestamp="2021-03-23T10:34:40 IST" time="66.998" errors="0">
  <testcase name="CrossBrowser" time="66.998" classname="testng.Parameter1"/>
  <system-out/>
</testsuite> <!-- testng.Parameter1 -->
