<?xml version="1.0" encoding="UTF-8"?>
<!-- Generated by org.testng.reporters.JUnitReportReporter -->
<testsuite skipped="2" hostname="LAPTOP-L3V1GTL6" name="testng.Skip" tests="3" failures="0" timestamp="2021-03-20T12:07:58 IST" time="0.015" errors="0">
  <testcase name="details" time="0.013" classname="testng.Skip">
    <skipped/>
  </testcase> <!-- details -->
  <system-out/>
  <testcase name="logout" time="0.002" classname="testng.Skip"/>
  <system-out/>
  <testcase name="Login" classname="testng.Skip">
    <skipped/>
  </testcase> <!-- Login -->
  <system-out/>
</testsuite> <!-- testng.Skip -->
