<?xml version="1.0" encoding="UTF-8"?>
<!-- Generated by org.testng.reporters.JUnitReportReporter -->
<testsuite skipped="0" hostname="LAPTOP-L3V1GTL6" name="testng.Assert2" tests="1" failures="0" timestamp="2021-04-07T12:48:48 IST" time="21.757" errors="0">
  <testcase name="test" time="21.757" classname="testng.Assert2"/>
  <system-out/>
</testsuite> <!-- testng.Assert2 -->
