<?xml version="1.0" encoding="UTF-8"?>
<!-- Generated by org.testng.reporters.JUnitReportReporter -->
<testsuite skipped="0" hostname="LAPTOP-L3V1GTL6" name="testng.Exp1" tests="2" failures="0" timestamp="2021-03-21T10:43:59 IST" time="0.012" errors="0">
  <testcase name="welcome" time="0.009" classname="testng.Exp1"/>
  <system-out/>
  <testcase name="hello" time="0.003" classname="testng.Exp1"/>
  <system-out/>
</testsuite> <!-- testng.Exp1 -->
