<?xml version="1.0" encoding="UTF-8"?>
<!-- Generated by org.testng.reporters.JUnitReportReporter -->
<testsuite skipped="0" hostname="LAPTOP-L3V1GTL6" name="explicitWAit1.Senddata" tests="2" failures="0" timestamp="2021-04-05T12:07:18 IST" time="28.076" errors="0">
  <testcase name="tc1" time="12.067" classname="explicitWAit1.Senddata"/>
  <system-out/>
  <testcase name="tc1" time="16.009" classname="explicitWAit1.Senddata"/>
  <system-out/>
</testsuite> <!-- explicitWAit1.Senddata -->
