<?xml version="1.0" encoding="UTF-8"?>
<!-- Generated by org.testng.reporters.JUnitReportReporter -->
<testsuite skipped="0" hostname="LAPTOP-L3V1GTL6" name="excel1.ReadExcel1" tests="2" failures="0" timestamp="2021-03-22T17:00:25 IST" time="0.011" errors="0">
  <testcase name="tc1" time="0.002" classname="excel1.ReadExcel1"/>
  <system-out/>
  <testcase name="tc1" time="0.009" classname="excel1.ReadExcel1"/>
  <system-out/>
</testsuite> <!-- excel1.ReadExcel1 -->
